  Enemy.cpp
C:\Users\kbste\OneDrive\Рабочий стол\шут гороховый\kurs\struct.h(51,2): warning C4094: пустое объявление "struct" пропускается
C:\Users\kbste\OneDrive\Рабочий стол\шут гороховый\kurs\struct.h(62,12): warning C4305: инициализация: усечение из "double" в "float"
C:\Users\kbste\OneDrive\Рабочий стол\шут гороховый\kurs\Enemy.cpp(32,27): warning C4244: =: преобразование "int" в "float", возможна потеря данных
C:\Users\kbste\OneDrive\Рабочий стол\шут гороховый\kurs\Enemy.cpp(33,27): warning C4244: =: преобразование "int" в "float", возможна потеря данных
C:\Users\kbste\OneDrive\Рабочий стол\шут гороховый\kurs\Enemy.cpp(47,29): warning C4305: =: усечение из "double" в "float"
C:\Users\kbste\OneDrive\Рабочий стол\шут гороховый\kurs\Enemy.cpp(49,34): warning C4244: =: преобразование "int" в "float", возможна потеря данных
C:\Users\kbste\OneDrive\Рабочий стол\шут гороховый\kurs\Enemy.cpp(56,29): warning C4305: =: усечение из "double" в "float"
C:\Users\kbste\OneDrive\Рабочий стол\шут гороховый\kurs\Enemy.cpp(58,34): warning C4244: =: преобразование "int" в "float", возможна потеря данных
C:\Users\kbste\OneDrive\Рабочий стол\шут гороховый\kurs\Enemy.cpp(70,77): warning C4244: +=: преобразование "double" в "float", возможна потеря данных
C:\Users\kbste\OneDrive\Рабочий стол\шут гороховый\kurs\Enemy.cpp(71,77): warning C4244: +=: преобразование "double" в "float", возможна потеря данных
C:\Users\kbste\OneDrive\Рабочий стол\шут гороховый\kurs\Enemy.cpp(77,78): warning C4244: -=: преобразование "double" в "float", возможна потеря данных
C:\Users\kbste\OneDrive\Рабочий стол\шут гороховый\kurs\Enemy.cpp(78,78): warning C4244: -=: преобразование "double" в "float", возможна потеря данных
C:\Users\kbste\OneDrive\Рабочий стол\шут гороховый\kurs\Enemy.cpp(153,16): warning C4244: инициализация: преобразование "float" в "int", возможна потеря данных
  Game.cpp
C:\Users\kbste\OneDrive\Рабочий стол\шут гороховый\kurs\struct.h(51,2): warning C4094: пустое объявление "struct" пропускается
C:\Users\kbste\OneDrive\Рабочий стол\шут гороховый\kurs\struct.h(62,12): warning C4305: инициализация: усечение из "double" в "float"
C:\Users\kbste\OneDrive\Рабочий стол\шут гороховый\kurs\Game.cpp(170,16): warning C4244: инициализация: преобразование "float" в "int", возможна потеря данных
C:\Users\kbste\OneDrive\Рабочий стол\шут гороховый\kurs\Game.cpp(255,22): warning C4244: =: преобразование "float" в "int", возможна потеря данных
C:\Users\kbste\OneDrive\Рабочий стол\шут гороховый\kurs\Game.cpp(256,22): warning C4244: =: преобразование "float" в "int", возможна потеря данных
  main_1.cpp
C:\Users\kbste\OneDrive\Рабочий стол\шут гороховый\kurs\struct.h(51,2): warning C4094: пустое объявление "struct" пропускается
C:\Users\kbste\OneDrive\Рабочий стол\шут гороховый\kurs\struct.h(62,12): warning C4305: инициализация: усечение из "double" в "float"
C:\Users\kbste\OneDrive\Рабочий стол\шут гороховый\kurs\main_1.cpp(23,12): warning C4244: аргумент: преобразование "time_t" в "unsigned int", возможна потеря данных
C:\Users\kbste\OneDrive\Рабочий стол\шут гороховый\kurs\main_1.cpp(34,12): warning C4101: ev: неиспользованная локальная переменная
  Menu.cpp
C:\Users\kbste\OneDrive\Рабочий стол\шут гороховый\kurs\struct.h(51,2): warning C4094: пустое объявление "struct" пропускается
C:\Users\kbste\OneDrive\Рабочий стол\шут гороховый\kurs\struct.h(62,12): warning C4305: инициализация: усечение из "double" в "float"
  players_func.cpp
C:\Users\kbste\OneDrive\Рабочий стол\шут гороховый\kurs\struct.h(51,2): warning C4094: пустое объявление "struct" пропускается
C:\Users\kbste\OneDrive\Рабочий стол\шут гороховый\kurs\struct.h(62,12): warning C4305: инициализация: усечение из "double" в "float"
C:\Users\kbste\OneDrive\Рабочий стол\шут гороховый\kurs\players_func.cpp(15,71): warning C4244: +=: преобразование "double" в "float", возможна потеря данных
C:\Users\kbste\OneDrive\Рабочий стол\шут гороховый\kurs\players_func.cpp(16,71): warning C4244: +=: преобразование "double" в "float", возможна потеря данных
C:\Users\kbste\OneDrive\Рабочий стол\шут гороховый\kurs\players_func.cpp(20,72): warning C4244: -=: преобразование "double" в "float", возможна потеря данных
C:\Users\kbste\OneDrive\Рабочий стол\шут гороховый\kurs\players_func.cpp(21,72): warning C4244: -=: преобразование "double" в "float", возможна потеря данных
C:\Users\kbste\OneDrive\Рабочий стол\шут гороховый\kurs\players_func.cpp(27,71): warning C4244: -=: преобразование "double" в "float", возможна потеря данных
C:\Users\kbste\OneDrive\Рабочий стол\шут гороховый\kurs\players_func.cpp(28,71): warning C4244: -=: преобразование "double" в "float", возможна потеря данных
C:\Users\kbste\OneDrive\Рабочий стол\шут гороховый\kurs\players_func.cpp(32,72): warning C4244: +=: преобразование "double" в "float", возможна потеря данных
C:\Users\kbste\OneDrive\Рабочий стол\шут гороховый\kurs\players_func.cpp(33,72): warning C4244: +=: преобразование "double" в "float", возможна потеря данных
C:\Users\kbste\OneDrive\Рабочий стол\шут гороховый\kurs\players_func.cpp(36,49): warning C4018: >=: несоответствие типов со знаком и без знака
  Stack.cpp
  Texture.cpp
  Weapons.cpp
C:\Users\kbste\OneDrive\Рабочий стол\шут гороховый\kurs\struct.h(51,2): warning C4094: пустое объявление "struct" пропускается
C:\Users\kbste\OneDrive\Рабочий стол\шут гороховый\kurs\struct.h(62,12): warning C4305: инициализация: усечение из "double" в "float"
C:\Users\kbste\OneDrive\Рабочий стол\шут гороховый\kurs\Weapons.cpp(81,12): warning C4244: аргумент: преобразование "time_t" в "unsigned int", возможна потеря данных
  Window.cpp
  Создание кода...
C:\Users\kbste\OneDrive\Рабочий стол\шут гороховый\kurs\Stack.cpp(45): warning C4715: StackPeek: значение возвращается не при всех путях выполнения
  kurs.vcxproj -> C:\Users\kbste\OneDrive\Рабочий стол\шут гороховый\kurs\x64\Debug\kurs.exe
